生成启动时间为 4/6/2014 12:40:47 AM。
     1>项目“F:\MyProjects\编译器工具集\Lexical analyzer generator\Lexical analyzer generator\Lexical analyzer generator.vcxproj”在节点 2 上(Build 个目标)。
     1>ClCompile:
         E:\Program Files (x86)\Microsoft Visual Studio 12.0\VC\bin\CL.exe /c /Zi /nologo /W3 /WX- /sdl /O2 /Oi /Oy- /GL /D _MBCS /Gm- /EHsc /MD /GS /Gy /fp:precise /Zc:wchar_t /Zc:forScope /Fo"Release\\" /Fd"Release\vc120.pdb" /Gd /TP /analyze- /errorReport:prompt main.cpp
         main.cpp
     1>f:\myprojects\编译器工具集\lexical analyzer generator\lexical analyzer generator\RegexLexParse.h(204): warning C4018: “<”: 有符号/无符号不匹配
     1>f:\myprojects\编译器工具集\lexical analyzer generator\lexical analyzer generator\RegexLexParse.h(244): warning C4018: “<”: 有符号/无符号不匹配
     1>f:\myprojects\编译器工具集\lexical analyzer generator\lexical analyzer generator\RegexParse.h(144): warning C4018: “<”: 有符号/无符号不匹配
     1>f:\myprojects\编译器工具集\lexical analyzer generator\lexical analyzer generator\RegexParse.h(162): warning C4018: “<”: 有符号/无符号不匹配
     1>f:\myprojects\编译器工具集\lexical analyzer generator\lexical analyzer generator\RegexParse.h(477): warning C4018: “<”: 有符号/无符号不匹配
     1>f:\myprojects\编译器工具集\lexical analyzer generator\lexical analyzer generator\RegexParse.h(486): warning C4018: “<”: 有符号/无符号不匹配
     1>f:\myprojects\编译器工具集\lexical analyzer generator\lexical analyzer generator\RegexParse.h(569): warning C4018: “<”: 有符号/无符号不匹配
     1>f:\myprojects\编译器工具集\lexical analyzer generator\lexical analyzer generator\RegexParse.h(579): warning C4018: “<”: 有符号/无符号不匹配
     1>f:\myprojects\编译器工具集\lexical analyzer generator\lexical analyzer generator\RegexParse.h(630): warning C4018: “<”: 有符号/无符号不匹配
     1>f:\myprojects\编译器工具集\lexical analyzer generator\lexical analyzer generator\RegexParse.h(685): warning C4018: “<”: 有符号/无符号不匹配
     1>f:\myprojects\编译器工具集\lexical analyzer generator\lexical analyzer generator\RegexParse.h(712): warning C4018: “<”: 有符号/无符号不匹配
     1>f:\myprojects\编译器工具集\lexical analyzer generator\lexical analyzer generator\RegexParse.h(728): warning C4018: “<”: 有符号/无符号不匹配
     1>f:\myprojects\编译器工具集\lexical analyzer generator\lexical analyzer generator\RegexParse.h(752): warning C4018: “<”: 有符号/无符号不匹配
     1>f:\myprojects\编译器工具集\lexical analyzer generator\lexical analyzer generator\RegexParse.h(771): warning C4018: “<”: 有符号/无符号不匹配
     1>f:\myprojects\编译器工具集\lexical analyzer generator\lexical analyzer generator\RegexParse.h(938): warning C4018: “<”: 有符号/无符号不匹配
     1>f:\myprojects\编译器工具集\lexical analyzer generator\lexical analyzer generator\RegexParse.h(954): warning C4018: “<”: 有符号/无符号不匹配
     1>f:\myprojects\编译器工具集\lexical analyzer generator\lexical analyzer generator\RegexParse.h(1103): warning C4018: “<”: 有符号/无符号不匹配
     1>f:\myprojects\编译器工具集\lexical analyzer generator\lexical analyzer generator\RegexDFA.h(100): warning C4018: “<=”: 有符号/无符号不匹配
     1>f:\myprojects\编译器工具集\lexical analyzer generator\lexical analyzer generator\RegexDFA.h(112): warning C4018: “<=”: 有符号/无符号不匹配
     1>f:\myprojects\编译器工具集\lexical analyzer generator\lexical analyzer generator\RegexDFA.h(134): warning C4018: “<”: 有符号/无符号不匹配
       Link:
         E:\Program Files (x86)\Microsoft Visual Studio 12.0\VC\bin\link.exe /ERRORREPORT:PROMPT /OUT:"F:\MyProjects\编译器工具集\Lexical analyzer generator\Release\Lexical analyzer generator.exe" /NOLOGO kernel32.lib user32.lib gdi32.lib winspool.lib comdlg32.lib advapi32.lib shell32.lib ole32.lib oleaut32.lib uuid.lib odbc32.lib odbccp32.lib /MANIFEST /MANIFESTUAC:"level='asInvoker' uiAccess='false'" /manifest:embed /DEBUG /PDB:"F:\MyProjects\编译器工具集\Lexical analyzer generator\Release\Lexical analyzer generator.pdb" /OPT:REF /OPT:ICF /LTCG /TLBID:1 /DYNAMICBASE /NXCOMPAT /IMPLIB:"F:\MyProjects\编译器工具集\Lexical analyzer generator\Release\Lexical analyzer generator.lib" /MACHINE:X86 /SAFESEH Release\CodeGenComplier.obj
         Release\LexConfigTemplate.obj
         Release\main.obj
         正在生成代码
         已完成代码的生成
         Lexical analyzer generator.vcxproj -> F:\MyProjects\编译器工具集\Lexical analyzer generator\Release\Lexical analyzer generator.exe
     1>已完成生成项目“F:\MyProjects\编译器工具集\Lexical analyzer generator\Lexical analyzer generator\Lexical analyzer generator.vcxproj”(Build 个目标)的操作。

生成成功。

已用时间 00:00:08.22
